<?xml version="1.0" encoding="UTF-8"?>
<testsuite xmlns:xsi="http://www.w3.org/2001/XMLSchema-instance" xsi:noNamespaceSchemaLocation="https://maven.apache.org/surefire/maven-surefire-plugin/xsd/surefire-test-report.xsd" name="edu.tus.library.service.LibraryServiceTest" time="0" tests="1" errors="0" skipped="0" failures="0">
  <properties>
    <property name="java.specification.version" value="17"/>
    <property name="sun.jnu.encoding" value="UTF-8"/>
    <property name="java.class.path" value="/Users/mebinmathew/Documents/TUS Codebase/library-app/target/test-classes:/Users/mebinmathew/Documents/TUS Codebase/library-app/target/classes:/Users/mebinmathew/.m2/repository/org/springframework/boot/spring-boot-starter-data-jpa/2.7.7/spring-boot-starter-data-jpa-2.7.7.jar:/Users/mebinmathew/.m2/repository/org/springframework/boot/spring-boot-starter-aop/2.7.7/spring-boot-starter-aop-2.7.7.jar:/Users/mebinmathew/.m2/repository/org/springframework/spring-aop/5.3.24/spring-aop-5.3.24.jar:/Users/mebinmathew/.m2/repository/org/aspectj/aspectjweaver/1.9.7/aspectjweaver-1.9.7.jar:/Users/mebinmathew/.m2/repository/org/springframework/boot/spring-boot-starter-jdbc/2.7.7/spring-boot-starter-jdbc-2.7.7.jar:/Users/mebinmathew/.m2/repository/com/zaxxer/HikariCP/4.0.3/HikariCP-4.0.3.jar:/Users/mebinmathew/.m2/repository/org/springframework/spring-jdbc/5.3.24/spring-jdbc-5.3.24.jar:/Users/mebinmathew/.m2/repository/jakarta/transaction/jakarta.transaction-api/1.3.3/jakarta.transaction-api-1.3.3.jar:/Users/mebinmathew/.m2/repository/jakarta/persistence/jakarta.persistence-api/2.2.3/jakarta.persistence-api-2.2.3.jar:/Users/mebinmathew/.m2/repository/org/hibernate/hibernate-core/5.6.14.Final/hibernate-core-5.6.14.Final.jar:/Users/mebinmathew/.m2/repository/org/jboss/logging/jboss-logging/3.4.3.Final/jboss-logging-3.4.3.Final.jar:/Users/mebinmathew/.m2/repository/net/bytebuddy/byte-buddy/1.12.20/byte-buddy-1.12.20.jar:/Users/mebinmathew/.m2/repository/antlr/antlr/2.7.7/antlr-2.7.7.jar:/Users/mebinmathew/.m2/repository/org/jboss/jandex/2.4.2.Final/jandex-2.4.2.Final.jar:/Users/mebinmathew/.m2/repository/com/fasterxml/classmate/1.5.1/classmate-1.5.1.jar:/Users/mebinmathew/.m2/repository/org/hibernate/common/hibernate-commons-annotations/5.1.2.Final/hibernate-commons-annotations-5.1.2.Final.jar:/Users/mebinmathew/.m2/repository/org/glassfish/jaxb/jaxb-runtime/2.3.7/jaxb-runtime-2.3.7.jar:/Users/mebinmathew/.m2/repository/org/glassfish/jaxb/txw2/2.3.7/txw2-2.3.7.jar:/Users/mebinmathew/.m2/repository/com/sun/istack/istack-commons-runtime/3.0.12/istack-commons-runtime-3.0.12.jar:/Users/mebinmathew/.m2/repository/com/sun/activation/jakarta.activation/1.2.2/jakarta.activation-1.2.2.jar:/Users/mebinmathew/.m2/repository/org/springframework/data/spring-data-jpa/2.7.6/spring-data-jpa-2.7.6.jar:/Users/mebinmathew/.m2/repository/org/springframework/data/spring-data-commons/2.7.6/spring-data-commons-2.7.6.jar:/Users/mebinmathew/.m2/repository/org/springframework/spring-orm/5.3.24/spring-orm-5.3.24.jar:/Users/mebinmathew/.m2/repository/org/springframework/spring-context/5.3.24/spring-context-5.3.24.jar:/Users/mebinmathew/.m2/repository/org/springframework/spring-tx/5.3.24/spring-tx-5.3.24.jar:/Users/mebinmathew/.m2/repository/org/springframework/spring-beans/5.3.24/spring-beans-5.3.24.jar:/Users/mebinmathew/.m2/repository/org/springframework/spring-aspects/5.3.24/spring-aspects-5.3.24.jar:/Users/mebinmathew/.m2/repository/org/springframework/boot/spring-boot-starter-web/2.7.7/spring-boot-starter-web-2.7.7.jar:/Users/mebinmathew/.m2/repository/org/springframework/boot/spring-boot-starter/2.7.7/spring-boot-starter-2.7.7.jar:/Users/mebinmathew/.m2/repository/org/springframework/boot/spring-boot/2.7.7/spring-boot-2.7.7.jar:/Users/mebinmathew/.m2/repository/org/springframework/boot/spring-boot-autoconfigure/2.7.7/spring-boot-autoconfigure-2.7.7.jar:/Users/mebinmathew/.m2/repository/org/springframework/boot/spring-boot-starter-logging/2.7.7/spring-boot-starter-logging-2.7.7.jar:/Users/mebinmathew/.m2/repository/ch/qos/logback/logback-classic/1.2.11/logback-classic-1.2.11.jar:/Users/mebinmathew/.m2/repository/ch/qos/logback/logback-core/1.2.11/logback-core-1.2.11.jar:/Users/mebinmathew/.m2/repository/org/apache/logging/log4j/log4j-to-slf4j/2.17.2/log4j-to-slf4j-2.17.2.jar:/Users/mebinmathew/.m2/repository/org/apache/logging/log4j/log4j-api/2.17.2/log4j-api-2.17.2.jar:/Users/mebinmathew/.m2/repository/org/slf4j/jul-to-slf4j/1.7.36/jul-to-slf4j-1.7.36.jar:/Users/mebinmathew/.m2/repository/jakarta/annotation/jakarta.annotation-api/1.3.5/jakarta.annotation-api-1.3.5.jar:/Users/mebinmathew/.m2/repository/org/yaml/snakeyaml/1.30/snakeyaml-1.30.jar:/Users/mebinmathew/.m2/repository/org/springframework/boot/spring-boot-starter-json/2.7.7/spring-boot-starter-json-2.7.7.jar:/Users/mebinmathew/.m2/repository/com/fasterxml/jackson/core/jackson-databind/2.13.4.2/jackson-databind-2.13.4.2.jar:/Users/mebinmathew/.m2/repository/com/fasterxml/jackson/core/jackson-annotations/2.13.4/jackson-annotations-2.13.4.jar:/Users/mebinmathew/.m2/repository/com/fasterxml/jackson/core/jackson-core/2.13.4/jackson-core-2.13.4.jar:/Users/mebinmathew/.m2/repository/com/fasterxml/jackson/datatype/jackson-datatype-jdk8/2.13.4/jackson-datatype-jdk8-2.13.4.jar:/Users/mebinmathew/.m2/repository/com/fasterxml/jackson/datatype/jackson-datatype-jsr310/2.13.4/jackson-datatype-jsr310-2.13.4.jar:/Users/mebinmathew/.m2/repository/com/fasterxml/jackson/module/jackson-module-parameter-names/2.13.4/jackson-module-parameter-names-2.13.4.jar:/Users/mebinmathew/.m2/repository/org/springframework/boot/spring-boot-starter-tomcat/2.7.7/spring-boot-starter-tomcat-2.7.7.jar:/Users/mebinmathew/.m2/repository/org/apache/tomcat/embed/tomcat-embed-core/9.0.70/tomcat-embed-core-9.0.70.jar:/Users/mebinmathew/.m2/repository/org/apache/tomcat/embed/tomcat-embed-el/9.0.70/tomcat-embed-el-9.0.70.jar:/Users/mebinmathew/.m2/repository/org/apache/tomcat/embed/tomcat-embed-websocket/9.0.70/tomcat-embed-websocket-9.0.70.jar:/Users/mebinmathew/.m2/repository/org/springframework/spring-web/5.3.24/spring-web-5.3.24.jar:/Users/mebinmathew/.m2/repository/org/springframework/spring-webmvc/5.3.24/spring-webmvc-5.3.24.jar:/Users/mebinmathew/.m2/repository/org/springframework/spring-expression/5.3.24/spring-expression-5.3.24.jar:/Users/mebinmathew/.m2/repository/au/com/dius/pact/consumer/junit5/4.2.7/junit5-4.2.7.jar:/Users/mebinmathew/.m2/repository/org/junit/jupiter/junit-jupiter-api/5.8.2/junit-jupiter-api-5.8.2.jar:/Users/mebinmathew/.m2/repository/org/opentest4j/opentest4j/1.2.0/opentest4j-1.2.0.jar:/Users/mebinmathew/.m2/repository/org/junit/platform/junit-platform-commons/1.8.2/junit-platform-commons-1.8.2.jar:/Users/mebinmathew/.m2/repository/org/apiguardian/apiguardian-api/1.1.2/apiguardian-api-1.1.2.jar:/Users/mebinmathew/.m2/repository/au/com/dius/pact/consumer/4.2.7/consumer-4.2.7.jar:/Users/mebinmathew/.m2/repository/au/com/dius/pact/core/model/4.2.7/model-4.2.7.jar:/Users/mebinmathew/.m2/repository/au/com/dius/pact/core/support/4.2.7/support-4.2.7.jar:/Users/mebinmathew/.m2/repository/org/antlr/antlr4/4.9.2/antlr4-4.9.2.jar:/Users/mebinmathew/.m2/repository/org/antlr/antlr4-runtime/4.9.2/antlr4-runtime-4.9.2.jar:/Users/mebinmathew/.m2/repository/org/antlr/antlr-runtime/3.5.2/antlr-runtime-3.5.2.jar:/Users/mebinmathew/.m2/repository/org/antlr/ST4/4.3/ST4-4.3.jar:/Users/mebinmathew/.m2/repository/org/abego/treelayout/org.abego.treelayout.core/1.0.3/org.abego.treelayout.core-1.0.3.jar:/Users/mebinmathew/.m2/repository/org/glassfish/javax.json/1.0.4/javax.json-1.0.4.jar:/Users/mebinmathew/.m2/repository/com/ibm/icu/icu4j/61.1/icu4j-61.1.jar:/Users/mebinmathew/.m2/repository/io/github/microutils/kotlin-logging-jvm/2.0.3/kotlin-logging-jvm-2.0.3.jar:/Users/mebinmathew/.m2/repository/com/michael-bull/kotlin-result/kotlin-result-jvm/1.1.9/kotlin-result-jvm-1.1.9.jar:/Users/mebinmathew/.m2/repository/com/google/code/findbugs/jsr305/3.0.2/jsr305-3.0.2.jar:/Users/mebinmathew/.m2/repository/au/com/dius/pact/core/pactbroker/4.2.7/pactbroker-4.2.7.jar:/Users/mebinmathew/.m2/repository/com/google/guava/guava/30.1-jre/guava-30.1-jre.jar:/Users/mebinmathew/.m2/repository/com/google/guava/failureaccess/1.0.1/failureaccess-1.0.1.jar:/Users/mebinmathew/.m2/repository/com/google/guava/listenablefuture/9999.0-empty-to-avoid-conflict-with-guava/listenablefuture-9999.0-empty-to-avoid-conflict-with-guava.jar:/Users/mebinmathew/.m2/repository/org/checkerframework/checker-qual/3.5.0/checker-qual-3.5.0.jar:/Users/mebinmathew/.m2/repository/com/google/errorprone/error_prone_annotations/2.3.4/error_prone_annotations-2.3.4.jar:/Users/mebinmathew/.m2/repository/com/google/j2objc/j2objc-annotations/1.3/j2objc-annotations-1.3.jar:/Users/mebinmathew/.m2/repository/com/michael-bull/kotlin-result/kotlin-result/1.1.6/kotlin-result-1.1.6.jar:/Users/mebinmathew/.m2/repository/org/apache/commons/commons-collections4/4.1/commons-collections4-4.1.jar:/Users/mebinmathew/.m2/repository/com/github/mifmif/generex/1.0.2/generex-1.0.2.jar:/Users/mebinmathew/.m2/repository/javax/mail/mail/1.5.0-b01/mail-1.5.0-b01.jar:/Users/mebinmathew/.m2/repository/javax/activation/activation/1.1/activation-1.1.jar:/Users/mebinmathew/.m2/repository/org/apache/tika/tika-core/1.24.1/tika-core-1.24.1.jar:/Users/mebinmathew/.m2/repository/au/com/dius/pact/core/matchers/4.2.7/matchers-4.2.7.jar:/Users/mebinmathew/.m2/repository/org/apache/commons/commons-lang3/3.12.0/commons-lang3-3.12.0.jar:/Users/mebinmathew/.m2/repository/xerces/xercesImpl/2.12.0/xercesImpl-2.12.0.jar:/Users/mebinmathew/.m2/repository/xml-apis/xml-apis/1.4.01/xml-apis-1.4.01.jar:/Users/mebinmathew/.m2/repository/org/atteo/evo-inflector/1.2.2/evo-inflector-1.2.2.jar:/Users/mebinmathew/.m2/repository/com/github/ajalt/mordant/1.2.1/mordant-1.2.1.jar:/Users/mebinmathew/.m2/repository/com/github/ajalt/colormath/1.2.0/colormath-1.2.0.jar:/Users/mebinmathew/.m2/repository/com/googlecode/java-diff-utils/diffutils/1.3.0/diffutils-1.3.0.jar:/Users/mebinmathew/.m2/repository/dk/brics/automaton/automaton/1.11-8/automaton-1.11-8.jar:/Users/mebinmathew/.m2/repository/org/apache/httpcomponents/httpclient/4.5.14/httpclient-4.5.14.jar:/Users/mebinmathew/.m2/repository/org/apache/httpcomponents/httpcore/4.4.16/httpcore-4.4.16.jar:/Users/mebinmathew/.m2/repository/commons-codec/commons-codec/1.15/commons-codec-1.15.jar:/Users/mebinmathew/.m2/repository/org/json/json/20160212/json-20160212.jar:/Users/mebinmathew/.m2/repository/io/netty/netty-handler/4.1.86.Final/netty-handler-4.1.86.Final.jar:/Users/mebinmathew/.m2/repository/io/netty/netty-common/4.1.86.Final/netty-common-4.1.86.Final.jar:/Users/mebinmathew/.m2/repository/io/netty/netty-resolver/4.1.86.Final/netty-resolver-4.1.86.Final.jar:/Users/mebinmathew/.m2/repository/io/netty/netty-buffer/4.1.86.Final/netty-buffer-4.1.86.Final.jar:/Users/mebinmathew/.m2/repository/io/netty/netty-transport/4.1.86.Final/netty-transport-4.1.86.Final.jar:/Users/mebinmathew/.m2/repository/io/netty/netty-transport-native-unix-common/4.1.86.Final/netty-transport-native-unix-common-4.1.86.Final.jar:/Users/mebinmathew/.m2/repository/io/netty/netty-codec/4.1.86.Final/netty-codec-4.1.86.Final.jar:/Users/mebinmathew/.m2/repository/org/apache/httpcomponents/httpmime/4.5.14/httpmime-4.5.14.jar:/Users/mebinmathew/.m2/repository/org/apache/httpcomponents/fluent-hc/4.5.14/fluent-hc-4.5.14.jar:/Users/mebinmathew/.m2/repository/commons-logging/commons-logging/1.2/commons-logging-1.2.jar:/Users/mebinmathew/.m2/repository/io/ktor/ktor-server-netty/1.4.1/ktor-server-netty-1.4.1.jar:/Users/mebinmathew/.m2/repository/org/jetbrains/kotlin/kotlin-stdlib-jdk7/1.6.21/kotlin-stdlib-jdk7-1.6.21.jar:/Users/mebinmathew/.m2/repository/org/jetbrains/kotlin/kotlin-stdlib-jdk8/1.6.21/kotlin-stdlib-jdk8-1.6.21.jar:/Users/mebinmathew/.m2/repository/org/jetbrains/kotlinx/kotlinx-coroutines-jdk8/1.6.4/kotlinx-coroutines-jdk8-1.6.4.jar:/Users/mebinmathew/.m2/repository/org/jetbrains/kotlinx/kotlinx-coroutines-core-jvm/1.6.4/kotlinx-coroutines-core-jvm-1.6.4.jar:/Users/mebinmathew/.m2/repository/io/ktor/ktor-server-host-common/1.4.1/ktor-server-host-common-1.4.1.jar:/Users/mebinmathew/.m2/repository/io/ktor/ktor-server-core/1.4.1/ktor-server-core-1.4.1.jar:/Users/mebinmathew/.m2/repository/io/ktor/ktor-http-jvm/1.4.1/ktor-http-jvm-1.4.1.jar:/Users/mebinmathew/.m2/repository/com/typesafe/config/1.3.1/config-1.3.1.jar:/Users/mebinmathew/.m2/repository/io/ktor/ktor-http-cio-jvm/1.4.1/ktor-http-cio-jvm-1.4.1.jar:/Users/mebinmathew/.m2/repository/io/netty/netty-codec-http2/4.1.86.Final/netty-codec-http2-4.1.86.Final.jar:/Users/mebinmathew/.m2/repository/io/netty/netty-codec-http/4.1.86.Final/netty-codec-http-4.1.86.Final.jar:/Users/mebinmathew/.m2/repository/org/eclipse/jetty/alpn/alpn-api/1.1.3.v20160715/alpn-api-1.1.3.v20160715.jar:/Users/mebinmathew/.m2/repository/io/netty/netty-transport-native-kqueue/4.1.86.Final/netty-transport-native-kqueue-4.1.86.Final.jar:/Users/mebinmathew/.m2/repository/io/netty/netty-transport-classes-kqueue/4.1.86.Final/netty-transport-classes-kqueue-4.1.86.Final.jar:/Users/mebinmathew/.m2/repository/io/netty/netty-transport-native-epoll/4.1.86.Final/netty-transport-native-epoll-4.1.86.Final.jar:/Users/mebinmathew/.m2/repository/io/netty/netty-transport-classes-epoll/4.1.86.Final/netty-transport-classes-epoll-4.1.86.Final.jar:/Users/mebinmathew/.m2/repository/io/ktor/ktor-network-tls-certificates/1.4.1/ktor-network-tls-certificates-1.4.1.jar:/Users/mebinmathew/.m2/repository/io/ktor/ktor-network-tls-jvm/1.4.1/ktor-network-tls-jvm-1.4.1.jar:/Users/mebinmathew/.m2/repository/io/ktor/ktor-network-jvm/1.4.1/ktor-network-jvm-1.4.1.jar:/Users/mebinmathew/.m2/repository/io/ktor/ktor-utils-jvm/1.4.1/ktor-utils-jvm-1.4.1.jar:/Users/mebinmathew/.m2/repository/io/ktor/ktor-io-jvm/1.4.1/ktor-io-jvm-1.4.1.jar:/Users/mebinmathew/.m2/repository/org/jetbrains/kotlin/kotlin-stdlib/1.6.21/kotlin-stdlib-1.6.21.jar:/Users/mebinmathew/.m2/repository/org/jetbrains/kotlin/kotlin-stdlib-common/1.6.21/kotlin-stdlib-common-1.6.21.jar:/Users/mebinmathew/.m2/repository/org/jetbrains/annotations/13.0/annotations-13.0.jar:/Users/mebinmathew/.m2/repository/org/jetbrains/kotlin/kotlin-reflect/1.6.21/kotlin-reflect-1.6.21.jar:/Users/mebinmathew/.m2/repository/org/slf4j/slf4j-api/1.7.36/slf4j-api-1.7.36.jar:/Users/mebinmathew/.m2/repository/org/springframework/boot/spring-boot-starter-test/2.7.7/spring-boot-starter-test-2.7.7.jar:/Users/mebinmathew/.m2/repository/org/springframework/boot/spring-boot-test/2.7.7/spring-boot-test-2.7.7.jar:/Users/mebinmathew/.m2/repository/org/springframework/boot/spring-boot-test-autoconfigure/2.7.7/spring-boot-test-autoconfigure-2.7.7.jar:/Users/mebinmathew/.m2/repository/com/jayway/jsonpath/json-path/2.7.0/json-path-2.7.0.jar:/Users/mebinmathew/.m2/repository/net/minidev/json-smart/2.4.8/json-smart-2.4.8.jar:/Users/mebinmathew/.m2/repository/net/minidev/accessors-smart/2.4.8/accessors-smart-2.4.8.jar:/Users/mebinmathew/.m2/repository/org/ow2/asm/asm/9.1/asm-9.1.jar:/Users/mebinmathew/.m2/repository/jakarta/xml/bind/jakarta.xml.bind-api/2.3.3/jakarta.xml.bind-api-2.3.3.jar:/Users/mebinmathew/.m2/repository/jakarta/activation/jakarta.activation-api/1.2.2/jakarta.activation-api-1.2.2.jar:/Users/mebinmathew/.m2/repository/org/assertj/assertj-core/3.22.0/assertj-core-3.22.0.jar:/Users/mebinmathew/.m2/repository/org/hamcrest/hamcrest/2.2/hamcrest-2.2.jar:/Users/mebinmathew/.m2/repository/org/junit/jupiter/junit-jupiter/5.8.2/junit-jupiter-5.8.2.jar:/Users/mebinmathew/.m2/repository/org/junit/jupiter/junit-jupiter-params/5.8.2/junit-jupiter-params-5.8.2.jar:/Users/mebinmathew/.m2/repository/org/junit/jupiter/junit-jupiter-engine/5.8.2/junit-jupiter-engine-5.8.2.jar:/Users/mebinmathew/.m2/repository/org/junit/platform/junit-platform-engine/1.8.2/junit-platform-engine-1.8.2.jar:/Users/mebinmathew/.m2/repository/org/mockito/mockito-core/4.5.1/mockito-core-4.5.1.jar:/Users/mebinmathew/.m2/repository/net/bytebuddy/byte-buddy-agent/1.12.20/byte-buddy-agent-1.12.20.jar:/Users/mebinmathew/.m2/repository/org/objenesis/objenesis/3.2/objenesis-3.2.jar:/Users/mebinmathew/.m2/repository/org/mockito/mockito-junit-jupiter/4.5.1/mockito-junit-jupiter-4.5.1.jar:/Users/mebinmathew/.m2/repository/org/skyscreamer/jsonassert/1.5.1/jsonassert-1.5.1.jar:/Users/mebinmathew/.m2/repository/com/vaadin/external/google/android-json/0.0.20131108.vaadin1/android-json-0.0.20131108.vaadin1.jar:/Users/mebinmathew/.m2/repository/org/springframework/spring-core/5.3.24/spring-core-5.3.24.jar:/Users/mebinmathew/.m2/repository/org/springframework/spring-jcl/5.3.24/spring-jcl-5.3.24.jar:/Users/mebinmathew/.m2/repository/org/springframework/spring-test/5.3.24/spring-test-5.3.24.jar:/Users/mebinmathew/.m2/repository/org/xmlunit/xmlunit-core/2.9.0/xmlunit-core-2.9.0.jar:/Users/mebinmathew/.m2/repository/com/h2database/h2/2.1.214/h2-2.1.214.jar:"/>
    <property name="java.vm.vendor" value="Eclipse Adoptium"/>
    <property name="sun.arch.data.model" value="64"/>
    <property name="java.vendor.url" value="https://adoptium.net/"/>
    <property name="os.name" value="Mac OS X"/>
    <property name="java.vm.specification.version" value="17"/>
    <property name="sun.java.launcher" value="SUN_STANDARD"/>
    <property name="user.country" value="IE"/>
    <property name="sun.boot.library.path" value="/Applications/SpringToolSuite4.app/Contents/Eclipse/plugins/org.eclipse.justj.openjdk.hotspot.jre.full.macosx.aarch64_17.0.8.v20230831-1047/jre/lib"/>
    <property name="sun.java.command" value="/Users/mebinmathew/Documents/TUS Codebase/library-app/target/surefire/surefirebooter13206212856195818243.jar /Users/mebinmathew/Documents/TUS Codebase/library-app/target/surefire 2024-04-24T11-52-36_406-jvmRun1 surefire16593323086527324368tmp surefire_01998469827244560650tmp"/>
    <property name="http.nonProxyHosts" value="local|*.local|169.254/16|*.169.254/16"/>
    <property name="jdk.debug" value="release"/>
    <property name="surefire.test.class.path" value="/Users/mebinmathew/Documents/TUS Codebase/library-app/target/test-classes:/Users/mebinmathew/Documents/TUS Codebase/library-app/target/classes:/Users/mebinmathew/.m2/repository/org/springframework/boot/spring-boot-starter-data-jpa/2.7.7/spring-boot-starter-data-jpa-2.7.7.jar:/Users/mebinmathew/.m2/repository/org/springframework/boot/spring-boot-starter-aop/2.7.7/spring-boot-starter-aop-2.7.7.jar:/Users/mebinmathew/.m2/repository/org/springframework/spring-aop/5.3.24/spring-aop-5.3.24.jar:/Users/mebinmathew/.m2/repository/org/aspectj/aspectjweaver/1.9.7/aspectjweaver-1.9.7.jar:/Users/mebinmathew/.m2/repository/org/springframework/boot/spring-boot-starter-jdbc/2.7.7/spring-boot-starter-jdbc-2.7.7.jar:/Users/mebinmathew/.m2/repository/com/zaxxer/HikariCP/4.0.3/HikariCP-4.0.3.jar:/Users/mebinmathew/.m2/repository/org/springframework/spring-jdbc/5.3.24/spring-jdbc-5.3.24.jar:/Users/mebinmathew/.m2/repository/jakarta/transaction/jakarta.transaction-api/1.3.3/jakarta.transaction-api-1.3.3.jar:/Users/mebinmathew/.m2/repository/jakarta/persistence/jakarta.persistence-api/2.2.3/jakarta.persistence-api-2.2.3.jar:/Users/mebinmathew/.m2/repository/org/hibernate/hibernate-core/5.6.14.Final/hibernate-core-5.6.14.Final.jar:/Users/mebinmathew/.m2/repository/org/jboss/logging/jboss-logging/3.4.3.Final/jboss-logging-3.4.3.Final.jar:/Users/mebinmathew/.m2/repository/net/bytebuddy/byte-buddy/1.12.20/byte-buddy-1.12.20.jar:/Users/mebinmathew/.m2/repository/antlr/antlr/2.7.7/antlr-2.7.7.jar:/Users/mebinmathew/.m2/repository/org/jboss/jandex/2.4.2.Final/jandex-2.4.2.Final.jar:/Users/mebinmathew/.m2/repository/com/fasterxml/classmate/1.5.1/classmate-1.5.1.jar:/Users/mebinmathew/.m2/repository/org/hibernate/common/hibernate-commons-annotations/5.1.2.Final/hibernate-commons-annotations-5.1.2.Final.jar:/Users/mebinmathew/.m2/repository/org/glassfish/jaxb/jaxb-runtime/2.3.7/jaxb-runtime-2.3.7.jar:/Users/mebinmathew/.m2/repository/org/glassfish/jaxb/txw2/2.3.7/txw2-2.3.7.jar:/Users/mebinmathew/.m2/repository/com/sun/istack/istack-commons-runtime/3.0.12/istack-commons-runtime-3.0.12.jar:/Users/mebinmathew/.m2/repository/com/sun/activation/jakarta.activation/1.2.2/jakarta.activation-1.2.2.jar:/Users/mebinmathew/.m2/repository/org/springframework/data/spring-data-jpa/2.7.6/spring-data-jpa-2.7.6.jar:/Users/mebinmathew/.m2/repository/org/springframework/data/spring-data-commons/2.7.6/spring-data-commons-2.7.6.jar:/Users/mebinmathew/.m2/repository/org/springframework/spring-orm/5.3.24/spring-orm-5.3.24.jar:/Users/mebinmathew/.m2/repository/org/springframework/spring-context/5.3.24/spring-context-5.3.24.jar:/Users/mebinmathew/.m2/repository/org/springframework/spring-tx/5.3.24/spring-tx-5.3.24.jar:/Users/mebinmathew/.m2/repository/org/springframework/spring-beans/5.3.24/spring-beans-5.3.24.jar:/Users/mebinmathew/.m2/repository/org/springframework/spring-aspects/5.3.24/spring-aspects-5.3.24.jar:/Users/mebinmathew/.m2/repository/org/springframework/boot/spring-boot-starter-web/2.7.7/spring-boot-starter-web-2.7.7.jar:/Users/mebinmathew/.m2/repository/org/springframework/boot/spring-boot-starter/2.7.7/spring-boot-starter-2.7.7.jar:/Users/mebinmathew/.m2/repository/org/springframework/boot/spring-boot/2.7.7/spring-boot-2.7.7.jar:/Users/mebinmathew/.m2/repository/org/springframework/boot/spring-boot-autoconfigure/2.7.7/spring-boot-autoconfigure-2.7.7.jar:/Users/mebinmathew/.m2/repository/org/springframework/boot/spring-boot-starter-logging/2.7.7/spring-boot-starter-logging-2.7.7.jar:/Users/mebinmathew/.m2/repository/ch/qos/logback/logback-classic/1.2.11/logback-classic-1.2.11.jar:/Users/mebinmathew/.m2/repository/ch/qos/logback/logback-core/1.2.11/logback-core-1.2.11.jar:/Users/mebinmathew/.m2/repository/org/apache/logging/log4j/log4j-to-slf4j/2.17.2/log4j-to-slf4j-2.17.2.jar:/Users/mebinmathew/.m2/repository/org/apache/logging/log4j/log4j-api/2.17.2/log4j-api-2.17.2.jar:/Users/mebinmathew/.m2/repository/org/slf4j/jul-to-slf4j/1.7.36/jul-to-slf4j-1.7.36.jar:/Users/mebinmathew/.m2/repository/jakarta/annotation/jakarta.annotation-api/1.3.5/jakarta.annotation-api-1.3.5.jar:/Users/mebinmathew/.m2/repository/org/yaml/snakeyaml/1.30/snakeyaml-1.30.jar:/Users/mebinmathew/.m2/repository/org/springframework/boot/spring-boot-starter-json/2.7.7/spring-boot-starter-json-2.7.7.jar:/Users/mebinmathew/.m2/repository/com/fasterxml/jackson/core/jackson-databind/2.13.4.2/jackson-databind-2.13.4.2.jar:/Users/mebinmathew/.m2/repository/com/fasterxml/jackson/core/jackson-annotations/2.13.4/jackson-annotations-2.13.4.jar:/Users/mebinmathew/.m2/repository/com/fasterxml/jackson/core/jackson-core/2.13.4/jackson-core-2.13.4.jar:/Users/mebinmathew/.m2/repository/com/fasterxml/jackson/datatype/jackson-datatype-jdk8/2.13.4/jackson-datatype-jdk8-2.13.4.jar:/Users/mebinmathew/.m2/repository/com/fasterxml/jackson/datatype/jackson-datatype-jsr310/2.13.4/jackson-datatype-jsr310-2.13.4.jar:/Users/mebinmathew/.m2/repository/com/fasterxml/jackson/module/jackson-module-parameter-names/2.13.4/jackson-module-parameter-names-2.13.4.jar:/Users/mebinmathew/.m2/repository/org/springframework/boot/spring-boot-starter-tomcat/2.7.7/spring-boot-starter-tomcat-2.7.7.jar:/Users/mebinmathew/.m2/repository/org/apache/tomcat/embed/tomcat-embed-core/9.0.70/tomcat-embed-core-9.0.70.jar:/Users/mebinmathew/.m2/repository/org/apache/tomcat/embed/tomcat-embed-el/9.0.70/tomcat-embed-el-9.0.70.jar:/Users/mebinmathew/.m2/repository/org/apache/tomcat/embed/tomcat-embed-websocket/9.0.70/tomcat-embed-websocket-9.0.70.jar:/Users/mebinmathew/.m2/repository/org/springframework/spring-web/5.3.24/spring-web-5.3.24.jar:/Users/mebinmathew/.m2/repository/org/springframework/spring-webmvc/5.3.24/spring-webmvc-5.3.24.jar:/Users/mebinmathew/.m2/repository/org/springframework/spring-expression/5.3.24/spring-expression-5.3.24.jar:/Users/mebinmathew/.m2/repository/au/com/dius/pact/consumer/junit5/4.2.7/junit5-4.2.7.jar:/Users/mebinmathew/.m2/repository/org/junit/jupiter/junit-jupiter-api/5.8.2/junit-jupiter-api-5.8.2.jar:/Users/mebinmathew/.m2/repository/org/opentest4j/opentest4j/1.2.0/opentest4j-1.2.0.jar:/Users/mebinmathew/.m2/repository/org/junit/platform/junit-platform-commons/1.8.2/junit-platform-commons-1.8.2.jar:/Users/mebinmathew/.m2/repository/org/apiguardian/apiguardian-api/1.1.2/apiguardian-api-1.1.2.jar:/Users/mebinmathew/.m2/repository/au/com/dius/pact/consumer/4.2.7/consumer-4.2.7.jar:/Users/mebinmathew/.m2/repository/au/com/dius/pact/core/model/4.2.7/model-4.2.7.jar:/Users/mebinmathew/.m2/repository/au/com/dius/pact/core/support/4.2.7/support-4.2.7.jar:/Users/mebinmathew/.m2/repository/org/antlr/antlr4/4.9.2/antlr4-4.9.2.jar:/Users/mebinmathew/.m2/repository/org/antlr/antlr4-runtime/4.9.2/antlr4-runtime-4.9.2.jar:/Users/mebinmathew/.m2/repository/org/antlr/antlr-runtime/3.5.2/antlr-runtime-3.5.2.jar:/Users/mebinmathew/.m2/repository/org/antlr/ST4/4.3/ST4-4.3.jar:/Users/mebinmathew/.m2/repository/org/abego/treelayout/org.abego.treelayout.core/1.0.3/org.abego.treelayout.core-1.0.3.jar:/Users/mebinmathew/.m2/repository/org/glassfish/javax.json/1.0.4/javax.json-1.0.4.jar:/Users/mebinmathew/.m2/repository/com/ibm/icu/icu4j/61.1/icu4j-61.1.jar:/Users/mebinmathew/.m2/repository/io/github/microutils/kotlin-logging-jvm/2.0.3/kotlin-logging-jvm-2.0.3.jar:/Users/mebinmathew/.m2/repository/com/michael-bull/kotlin-result/kotlin-result-jvm/1.1.9/kotlin-result-jvm-1.1.9.jar:/Users/mebinmathew/.m2/repository/com/google/code/findbugs/jsr305/3.0.2/jsr305-3.0.2.jar:/Users/mebinmathew/.m2/repository/au/com/dius/pact/core/pactbroker/4.2.7/pactbroker-4.2.7.jar:/Users/mebinmathew/.m2/repository/com/google/guava/guava/30.1-jre/guava-30.1-jre.jar:/Users/mebinmathew/.m2/repository/com/google/guava/failureaccess/1.0.1/failureaccess-1.0.1.jar:/Users/mebinmathew/.m2/repository/com/google/guava/listenablefuture/9999.0-empty-to-avoid-conflict-with-guava/listenablefuture-9999.0-empty-to-avoid-conflict-with-guava.jar:/Users/mebinmathew/.m2/repository/org/checkerframework/checker-qual/3.5.0/checker-qual-3.5.0.jar:/Users/mebinmathew/.m2/repository/com/google/errorprone/error_prone_annotations/2.3.4/error_prone_annotations-2.3.4.jar:/Users/mebinmathew/.m2/repository/com/google/j2objc/j2objc-annotations/1.3/j2objc-annotations-1.3.jar:/Users/mebinmathew/.m2/repository/com/michael-bull/kotlin-result/kotlin-result/1.1.6/kotlin-result-1.1.6.jar:/Users/mebinmathew/.m2/repository/org/apache/commons/commons-collections4/4.1/commons-collections4-4.1.jar:/Users/mebinmathew/.m2/repository/com/github/mifmif/generex/1.0.2/generex-1.0.2.jar:/Users/mebinmathew/.m2/repository/javax/mail/mail/1.5.0-b01/mail-1.5.0-b01.jar:/Users/mebinmathew/.m2/repository/javax/activation/activation/1.1/activation-1.1.jar:/Users/mebinmathew/.m2/repository/org/apache/tika/tika-core/1.24.1/tika-core-1.24.1.jar:/Users/mebinmathew/.m2/repository/au/com/dius/pact/core/matchers/4.2.7/matchers-4.2.7.jar:/Users/mebinmathew/.m2/repository/org/apache/commons/commons-lang3/3.12.0/commons-lang3-3.12.0.jar:/Users/mebinmathew/.m2/repository/xerces/xercesImpl/2.12.0/xercesImpl-2.12.0.jar:/Users/mebinmathew/.m2/repository/xml-apis/xml-apis/1.4.01/xml-apis-1.4.01.jar:/Users/mebinmathew/.m2/repository/org/atteo/evo-inflector/1.2.2/evo-inflector-1.2.2.jar:/Users/mebinmathew/.m2/repository/com/github/ajalt/mordant/1.2.1/mordant-1.2.1.jar:/Users/mebinmathew/.m2/repository/com/github/ajalt/colormath/1.2.0/colormath-1.2.0.jar:/Users/mebinmathew/.m2/repository/com/googlecode/java-diff-utils/diffutils/1.3.0/diffutils-1.3.0.jar:/Users/mebinmathew/.m2/repository/dk/brics/automaton/automaton/1.11-8/automaton-1.11-8.jar:/Users/mebinmathew/.m2/repository/org/apache/httpcomponents/httpclient/4.5.14/httpclient-4.5.14.jar:/Users/mebinmathew/.m2/repository/org/apache/httpcomponents/httpcore/4.4.16/httpcore-4.4.16.jar:/Users/mebinmathew/.m2/repository/commons-codec/commons-codec/1.15/commons-codec-1.15.jar:/Users/mebinmathew/.m2/repository/org/json/json/20160212/json-20160212.jar:/Users/mebinmathew/.m2/repository/io/netty/netty-handler/4.1.86.Final/netty-handler-4.1.86.Final.jar:/Users/mebinmathew/.m2/repository/io/netty/netty-common/4.1.86.Final/netty-common-4.1.86.Final.jar:/Users/mebinmathew/.m2/repository/io/netty/netty-resolver/4.1.86.Final/netty-resolver-4.1.86.Final.jar:/Users/mebinmathew/.m2/repository/io/netty/netty-buffer/4.1.86.Final/netty-buffer-4.1.86.Final.jar:/Users/mebinmathew/.m2/repository/io/netty/netty-transport/4.1.86.Final/netty-transport-4.1.86.Final.jar:/Users/mebinmathew/.m2/repository/io/netty/netty-transport-native-unix-common/4.1.86.Final/netty-transport-native-unix-common-4.1.86.Final.jar:/Users/mebinmathew/.m2/repository/io/netty/netty-codec/4.1.86.Final/netty-codec-4.1.86.Final.jar:/Users/mebinmathew/.m2/repository/org/apache/httpcomponents/httpmime/4.5.14/httpmime-4.5.14.jar:/Users/mebinmathew/.m2/repository/org/apache/httpcomponents/fluent-hc/4.5.14/fluent-hc-4.5.14.jar:/Users/mebinmathew/.m2/repository/commons-logging/commons-logging/1.2/commons-logging-1.2.jar:/Users/mebinmathew/.m2/repository/io/ktor/ktor-server-netty/1.4.1/ktor-server-netty-1.4.1.jar:/Users/mebinmathew/.m2/repository/org/jetbrains/kotlin/kotlin-stdlib-jdk7/1.6.21/kotlin-stdlib-jdk7-1.6.21.jar:/Users/mebinmathew/.m2/repository/org/jetbrains/kotlin/kotlin-stdlib-jdk8/1.6.21/kotlin-stdlib-jdk8-1.6.21.jar:/Users/mebinmathew/.m2/repository/org/jetbrains/kotlinx/kotlinx-coroutines-jdk8/1.6.4/kotlinx-coroutines-jdk8-1.6.4.jar:/Users/mebinmathew/.m2/repository/org/jetbrains/kotlinx/kotlinx-coroutines-core-jvm/1.6.4/kotlinx-coroutines-core-jvm-1.6.4.jar:/Users/mebinmathew/.m2/repository/io/ktor/ktor-server-host-common/1.4.1/ktor-server-host-common-1.4.1.jar:/Users/mebinmathew/.m2/repository/io/ktor/ktor-server-core/1.4.1/ktor-server-core-1.4.1.jar:/Users/mebinmathew/.m2/repository/io/ktor/ktor-http-jvm/1.4.1/ktor-http-jvm-1.4.1.jar:/Users/mebinmathew/.m2/repository/com/typesafe/config/1.3.1/config-1.3.1.jar:/Users/mebinmathew/.m2/repository/io/ktor/ktor-http-cio-jvm/1.4.1/ktor-http-cio-jvm-1.4.1.jar:/Users/mebinmathew/.m2/repository/io/netty/netty-codec-http2/4.1.86.Final/netty-codec-http2-4.1.86.Final.jar:/Users/mebinmathew/.m2/repository/io/netty/netty-codec-http/4.1.86.Final/netty-codec-http-4.1.86.Final.jar:/Users/mebinmathew/.m2/repository/org/eclipse/jetty/alpn/alpn-api/1.1.3.v20160715/alpn-api-1.1.3.v20160715.jar:/Users/mebinmathew/.m2/repository/io/netty/netty-transport-native-kqueue/4.1.86.Final/netty-transport-native-kqueue-4.1.86.Final.jar:/Users/mebinmathew/.m2/repository/io/netty/netty-transport-classes-kqueue/4.1.86.Final/netty-transport-classes-kqueue-4.1.86.Final.jar:/Users/mebinmathew/.m2/repository/io/netty/netty-transport-native-epoll/4.1.86.Final/netty-transport-native-epoll-4.1.86.Final.jar:/Users/mebinmathew/.m2/repository/io/netty/netty-transport-classes-epoll/4.1.86.Final/netty-transport-classes-epoll-4.1.86.Final.jar:/Users/mebinmathew/.m2/repository/io/ktor/ktor-network-tls-certificates/1.4.1/ktor-network-tls-certificates-1.4.1.jar:/Users/mebinmathew/.m2/repository/io/ktor/ktor-network-tls-jvm/1.4.1/ktor-network-tls-jvm-1.4.1.jar:/Users/mebinmathew/.m2/repository/io/ktor/ktor-network-jvm/1.4.1/ktor-network-jvm-1.4.1.jar:/Users/mebinmathew/.m2/repository/io/ktor/ktor-utils-jvm/1.4.1/ktor-utils-jvm-1.4.1.jar:/Users/mebinmathew/.m2/repository/io/ktor/ktor-io-jvm/1.4.1/ktor-io-jvm-1.4.1.jar:/Users/mebinmathew/.m2/repository/org/jetbrains/kotlin/kotlin-stdlib/1.6.21/kotlin-stdlib-1.6.21.jar:/Users/mebinmathew/.m2/repository/org/jetbrains/kotlin/kotlin-stdlib-common/1.6.21/kotlin-stdlib-common-1.6.21.jar:/Users/mebinmathew/.m2/repository/org/jetbrains/annotations/13.0/annotations-13.0.jar:/Users/mebinmathew/.m2/repository/org/jetbrains/kotlin/kotlin-reflect/1.6.21/kotlin-reflect-1.6.21.jar:/Users/mebinmathew/.m2/repository/org/slf4j/slf4j-api/1.7.36/slf4j-api-1.7.36.jar:/Users/mebinmathew/.m2/repository/org/springframework/boot/spring-boot-starter-test/2.7.7/spring-boot-starter-test-2.7.7.jar:/Users/mebinmathew/.m2/repository/org/springframework/boot/spring-boot-test/2.7.7/spring-boot-test-2.7.7.jar:/Users/mebinmathew/.m2/repository/org/springframework/boot/spring-boot-test-autoconfigure/2.7.7/spring-boot-test-autoconfigure-2.7.7.jar:/Users/mebinmathew/.m2/repository/com/jayway/jsonpath/json-path/2.7.0/json-path-2.7.0.jar:/Users/mebinmathew/.m2/repository/net/minidev/json-smart/2.4.8/json-smart-2.4.8.jar:/Users/mebinmathew/.m2/repository/net/minidev/accessors-smart/2.4.8/accessors-smart-2.4.8.jar:/Users/mebinmathew/.m2/repository/org/ow2/asm/asm/9.1/asm-9.1.jar:/Users/mebinmathew/.m2/repository/jakarta/xml/bind/jakarta.xml.bind-api/2.3.3/jakarta.xml.bind-api-2.3.3.jar:/Users/mebinmathew/.m2/repository/jakarta/activation/jakarta.activation-api/1.2.2/jakarta.activation-api-1.2.2.jar:/Users/mebinmathew/.m2/repository/org/assertj/assertj-core/3.22.0/assertj-core-3.22.0.jar:/Users/mebinmathew/.m2/repository/org/hamcrest/hamcrest/2.2/hamcrest-2.2.jar:/Users/mebinmathew/.m2/repository/org/junit/jupiter/junit-jupiter/5.8.2/junit-jupiter-5.8.2.jar:/Users/mebinmathew/.m2/repository/org/junit/jupiter/junit-jupiter-params/5.8.2/junit-jupiter-params-5.8.2.jar:/Users/mebinmathew/.m2/repository/org/junit/jupiter/junit-jupiter-engine/5.8.2/junit-jupiter-engine-5.8.2.jar:/Users/mebinmathew/.m2/repository/org/junit/platform/junit-platform-engine/1.8.2/junit-platform-engine-1.8.2.jar:/Users/mebinmathew/.m2/repository/org/mockito/mockito-core/4.5.1/mockito-core-4.5.1.jar:/Users/mebinmathew/.m2/repository/net/bytebuddy/byte-buddy-agent/1.12.20/byte-buddy-agent-1.12.20.jar:/Users/mebinmathew/.m2/repository/org/objenesis/objenesis/3.2/objenesis-3.2.jar:/Users/mebinmathew/.m2/repository/org/mockito/mockito-junit-jupiter/4.5.1/mockito-junit-jupiter-4.5.1.jar:/Users/mebinmathew/.m2/repository/org/skyscreamer/jsonassert/1.5.1/jsonassert-1.5.1.jar:/Users/mebinmathew/.m2/repository/com/vaadin/external/google/android-json/0.0.20131108.vaadin1/android-json-0.0.20131108.vaadin1.jar:/Users/mebinmathew/.m2/repository/org/springframework/spring-core/5.3.24/spring-core-5.3.24.jar:/Users/mebinmathew/.m2/repository/org/springframework/spring-jcl/5.3.24/spring-jcl-5.3.24.jar:/Users/mebinmathew/.m2/repository/org/springframework/spring-test/5.3.24/spring-test-5.3.24.jar:/Users/mebinmathew/.m2/repository/org/xmlunit/xmlunit-core/2.9.0/xmlunit-core-2.9.0.jar:/Users/mebinmathew/.m2/repository/com/h2database/h2/2.1.214/h2-2.1.214.jar:"/>
    <property name="sun.cpu.endian" value="little"/>
    <property name="user.home" value="/Users/mebinmathew"/>
    <property name="user.language" value="en"/>
    <property name="java.specification.vendor" value="Oracle Corporation"/>
    <property name="java.version.date" value="2023-08-24"/>
    <property name="java.home" value="/Applications/SpringToolSuite4.app/Contents/Eclipse/plugins/org.eclipse.justj.openjdk.hotspot.jre.full.macosx.aarch64_17.0.8.v20230831-1047/jre"/>
    <property name="file.separator" value="/"/>
    <property name="style.color" value="always"/>
    <property name="basedir" value="/Users/mebinmathew/Documents/TUS Codebase/library-app"/>
    <property name="java.vm.compressedOopsMode" value="Zero based"/>
    <property name="line.separator" value="&#10;"/>
    <property name="java.vm.specification.vendor" value="Oracle Corporation"/>
    <property name="java.specification.name" value="Java Platform API Specification"/>
    <property name="surefire.real.class.path" value="/Users/mebinmathew/Documents/TUS Codebase/library-app/target/surefire/surefirebooter13206212856195818243.jar"/>
    <property name="sun.management.compiler" value="HotSpot 64-Bit Tiered Compilers"/>
    <property name="ftp.nonProxyHosts" value="local|*.local|169.254/16|*.169.254/16"/>
    <property name="java.runtime.version" value="17.0.8.1+1"/>
    <property name="user.name" value="mebinmathew"/>
    <property name="path.separator" value=":"/>
    <property name="os.version" value="14.4.1"/>
    <property name="java.runtime.name" value="OpenJDK Runtime Environment"/>
    <property name="file.encoding" value="UTF-8"/>
    <property name="java.vm.name" value="OpenJDK 64-Bit Server VM"/>
    <property name="java.vendor.version" value="Temurin-17.0.8.1+1"/>
    <property name="localRepository" value="/Users/mebinmathew/.m2/repository"/>
    <property name="java.vendor.url.bug" value="https://github.com/adoptium/adoptium-support/issues"/>
    <property name="java.io.tmpdir" value="/var/folders/23/txjpcsqn5w1fk66tz5kqsbmc0000gn/T/"/>
    <property name="java.version" value="17.0.8.1"/>
    <property name="user.dir" value="/Users/mebinmathew/Documents/TUS Codebase/library-app"/>
    <property name="os.arch" value="aarch64"/>
    <property name="java.vm.specification.name" value="Java Virtual Machine Specification"/>
    <property name="native.encoding" value="UTF-8"/>
    <property name="java.library.path" value="/Users/mebinmathew/Library/Java/Extensions:/Library/Java/Extensions:/Network/Library/Java/Extensions:/System/Library/Java/Extensions:/usr/lib/java:."/>
    <property name="java.vm.info" value="mixed mode"/>
    <property name="java.vendor" value="Eclipse Adoptium"/>
    <property name="java.vm.version" value="17.0.8.1+1"/>
    <property name="sun.io.unicode.encoding" value="UnicodeBig"/>
    <property name="socksNonProxyHosts" value="local|*.local|169.254/16|*.169.254/16"/>
    <property name="java.class.version" value="61.0"/>
  </properties>
  <testcase name="testBuildIdLogic" classname="edu.tus.library.service.LibraryServiceTest" time="0"/>
</testsuite>